# JRE version: Java(TM) SE Runtime Environment (22.0+36) (build 22+36-2370)
# Java VM: Java HotSpot(TM) 64-Bit Server VM (22+36-2370, mixed mode, sharing, tiered, compressed oops, compressed class ptrs, g1 gc, windows-amd64)
GC Precious Log:
 CardTable entry size: 512
 Card Set container configuration: InlinePtr #cards 5 size 8 Array Of Cards #cards 12 size 40 Howl #buckets 4 coarsen threshold 1843 Howl Bitmap #cards 512 size 80 coarsen threshold 460 Card regions per heap region 1 cards per card region 2048
 CPUs: 8 total, 8 available
 Memory: 3818M
 Large Page Support: Disabled
 NUMA Support: Disabled
 Compressed Oops: Enabled (32-bit)
 Heap Region Size: 1M
 Heap Min Capacity: 8M
 Heap Initial Capacity: 60M
 Heap Max Capacity: 956M
 Pre-touch: Disabled
 Parallel Workers: 8
 Concurrent Workers: 2
 Concurrent Refinement Workers: 8
 Periodic GC: Disabled
Heap:
 garbage-first heap   total reserved 978944K, committed 45056K, used 14030K [0x00000000c4400000, 0x0000000100000000)
  region size 1024K, 5 young (5120K), 3 survivors (3072K)
 Metaspace       used 21474K, committed 21824K, reserved 1114112K
  class space    used 2724K, committed 2880K, reserved 1048576K
GC Heap History (6 events):
Event: 3.694 GC heap before
{Heap before GC invocations=0 (full 0):
 garbage-first heap   total reserved 978944K, committed 61440K, used 24576K [0x00000000c4400000, 0x0000000100000000)
  region size 1024K, 24 young (24576K), 0 survivors (0K)
 Metaspace       used 5901K, committed 6080K, reserved 1114112K
  class space    used 677K, committed 768K, reserved 1048576K
}
Event: 3.700 GC heap after
{Heap after GC invocations=1 (full 0):
 garbage-first heap   total reserved 978944K, committed 61440K, used 7807K [0x00000000c4400000, 0x0000000100000000)
  region size 1024K, 3 young (3072K), 3 survivors (3072K)
 Metaspace       used 5901K, committed 6080K, reserved 1114112K
  class space    used 677K, committed 768K, reserved 1048576K
}
Event: 4.523 GC heap before
{Heap before GC invocations=1 (full 0):
 garbage-first heap   total reserved 978944K, committed 61440K, used 33407K [0x00000000c4400000, 0x0000000100000000)
  region size 1024K, 29 young (29696K), 3 survivors (3072K)
 Metaspace       used 12804K, committed 13120K, reserved 1114112K
  class space    used 1676K, committed 1792K, reserved 1048576K
}
Event: 4.532 GC heap after
{Heap after GC invocations=2 (full 0):
 garbage-first heap   total reserved 978944K, committed 61440K, used 10212K [0x00000000c4400000, 0x0000000100000000)
  region size 1024K, 3 young (3072K), 3 survivors (3072K)
 Metaspace       used 12804K, committed 13120K, reserved 1114112K
  class space    used 1676K, committed 1792K, reserved 1048576K
}
Event: 5.335 GC heap before
{Heap before GC invocations=2 (full 0):
 garbage-first heap   total reserved 978944K, committed 61440K, used 37860K [0x00000000c4400000, 0x0000000100000000)
  region size 1024K, 31 young (31744K), 3 survivors (3072K)
 Metaspace       used 20460K, committed 20736K, reserved 1114112K
  class space    used 2568K, committed 2688K, reserved 1048576K
}
Event: 5.344 GC heap after
{Heap after GC invocations=3 (full 0):
 garbage-first heap   total reserved 978944K, committed 61440K, used 12907K [0x00000000c4400000, 0x0000000100000000)
  region size 1024K, 3 young (3072K), 3 survivors (3072K)
 Metaspace       used 20460K, committed 20736K, reserved 1114112K
  class space    used 2568K, committed 2688K, reserved 1048576K
}

